<?xml version="1.0" encoding="UTF-8"?>
<!-- Generated by org.testng.reporters.JUnitReportReporter -->
<testsuite hostname="DESKTOP-VPGUUNH" failures="0" tests="4" name="com.training.patterns.TestFileDataSource" time="18.038" errors="0" timestamp="28 Apr 2021 17:03:52 GMT">
  <testcase classname="com.training.patterns.TestFileDataSource" name="Verify_File_Get_Project_Dir" time="0.014"/>
  <testcase classname="com.training.patterns.TestFileDataSource" name="Verify_Paths_Get_Project_Dir" time="0.003"/>
  <testcase classname="com.training.patterns.TestFileDataSource" name="Should_Write_File_As_Raw_String" time="18.019"/>
  <testcase classname="com.training.patterns.TestFileDataSource" name="Veriry_FileSystems_Get_Project_Dir" time="0.002"/>
</testsuite> <!-- com.training.patterns.TestFileDataSource -->
