<?xml version="1.0" encoding="UTF-8"?>
<!-- Generated by org.testng.reporters.JUnitReportReporter -->
<testsuite hostname="DESKTOP-VPGUUNH" name="com.training.restassured.Rest_Api_Tests" tests="1" failures="0" timestamp="30 Apr 2021 13:44:51 GMT" time="4.185" errors="0">
  <testcase name="getResponseBody" time="4.185" classname="com.training.restassured.Rest_Api_Tests"/>
</testsuite> <!-- com.training.restassured.Rest_Api_Tests -->
