<?xml version="1.0" encoding="UTF-8"?>
<!-- Generated by org.testng.reporters.JUnitReportReporter -->
<testsuite hostname="DESKTOP-VPGUUNH" failures="0" tests="4" name="com.training.patterns.TestDecorator" time="8.039" errors="0" timestamp="28 Apr 2021 11:06:48 GMT">
  <testcase classname="com.training.patterns.TestDecorator" name="Verify_Paths_Get_Project_Dir" time="0.001"/>
  <testcase classname="com.training.patterns.TestDecorator" name="Should_Write_File_As_Raw_String" time="8.025"/>
  <testcase classname="com.training.patterns.TestDecorator" name="Verify_File_Get_Project_Dir" time="0.006"/>
  <testcase classname="com.training.patterns.TestDecorator" name="Veriry_FileSystems_Get_Project_Dir" time="0.007"/>
</testsuite> <!-- com.training.patterns.TestDecorator -->
