<?xml version="1.0" encoding="UTF-8"?>
<!-- Generated by org.testng.reporters.JUnitReportReporter -->
<testsuite hostname="DESKTOP-VPGUUNH" name="com.training.restassured.Rest_Api_Tests" tests="1" failures="0" timestamp="30 Apr 2021 13:51:41 GMT" time="1.674" errors="0">
  <testcase name="Post_Login_Test" time="1.674" classname="com.training.restassured.Rest_Api_Tests"/>
</testsuite> <!-- com.training.restassured.Rest_Api_Tests -->
