<?xml version="1.0" encoding="UTF-8"?>
<!-- Generated by org.testng.reporters.JUnitReportReporter -->
<testsuite hostname="DESKTOP-VPGUUNH" failures="0" tests="1" name="com.training.patterns.StreamTestFilter" time="16.180" errors="0" timestamp="29 Apr 2021 16:41:48 GMT">
  <testcase classname="com.training.patterns.StreamTestFilter" name="Test_Qty_Maz_List_Integer" time="16.180"/>
</testsuite> <!-- com.training.patterns.StreamTestFilter -->
