<?xml version="1.0" encoding="UTF-8"?>
<!-- Generated by org.testng.reporters.JUnitReportReporter -->
<testsuite hostname="DESKTOP-VPGUUNH" name="com.training.patterns.TestFileDataSource" tests="4" failures="0" timestamp="30 Apr 2021 13:05:27 GMT" time="0.045" errors="0">
  <testcase name="Should_Write_File_As_Raw_String" time="0.043" classname="com.training.patterns.TestFileDataSource"/>
  <testcase name="Verify_File_Get_Project_Dir" time="0.001" classname="com.training.patterns.TestFileDataSource"/>
  <testcase name="Veriry_FileSystems_Get_Project_Dir" time="0.000" classname="com.training.patterns.TestFileDataSource"/>
  <testcase name="Verify_Paths_Get_Project_Dir" time="0.001" classname="com.training.patterns.TestFileDataSource"/>
</testsuite> <!-- com.training.patterns.TestFileDataSource -->
